<?xml version="1.0" encoding="UTF-8" ?>
<testsuite failures="0" time="3.38" errors="0" skipped="0" tests="2" name="com.xproof.rest.skull.SkullControllerTest">
  <properties>
    <property name="java.runtime.name" value="Java(TM) SE Runtime Environment"/>
    <property name="sun.boot.library.path" value="/System/Library/Java/JavaVirtualMachines/1.6.0.jdk/Contents/Libraries"/>
    <property name="java.vm.version" value="20.6-b01-415"/>
    <property name="awt.nativeDoubleBuffering" value="true"/>
    <property name="gopherProxySet" value="false"/>
    <property name="mrj.build" value="11M3646"/>
    <property name="java.vm.vendor" value="Apple Inc."/>
    <property name="java.vendor.url" value="http://www.apple.com/"/>
    <property name="path.separator" value=":"/>
    <property name="java.vm.name" value="Java HotSpot(TM) 64-Bit Server VM"/>
    <property name="file.encoding.pkg" value="sun.io"/>
    <property name="user.country" value="US"/>
    <property name="sun.java.launcher" value="SUN_STANDARD"/>
    <property name="sun.os.patch.level" value="unknown"/>
    <property name="java.vm.specification.name" value="Java Virtual Machine Specification"/>
    <property name="user.dir" value="/Users/pule/swdev/workspace/events/java/xproof"/>
    <property name="java.runtime.version" value="1.6.0_31-b04-415-11M3646"/>
    <property name="java.awt.graphicsenv" value="apple.awt.CGraphicsEnvironment"/>
    <property name="basedir" value="/Users/pule/swdev/workspace/events/java/xproof"/>
    <property name="java.endorsed.dirs" value="/System/Library/Java/JavaVirtualMachines/1.6.0.jdk/Contents/Home/lib/endorsed"/>
    <property name="os.arch" value="x86_64"/>
    <property name="surefire.real.class.path" value="/Users/pule/swdev/workspace/events/java/xproof/target/surefire/surefirebooter7369758049209754917.jar"/>
    <property name="java.io.tmpdir" value="/var/folders/1r/xb6l_ls95ddfb2w9px6r89tr0000gn/T/"/>
    <property name="line.separator" value="
"/>
    <property name="java.vm.specification.vendor" value="Sun Microsystems Inc."/>
    <property name="os.name" value="Mac OS X"/>
    <property name="sun.jnu.encoding" value="MacRoman"/>
    <property name="java.library.path" value=".:/Library/Java/Extensions:/System/Library/Java/Extensions:/usr/lib/java"/>
    <property name="surefire.test.class.path" value="/Users/pule/swdev/workspace/events/java/xproof/target/test-classes:/Users/pule/swdev/workspace/events/java/xproof/target/classes:/Users/pule/.m2/repository/org/apache/wicket/wicket/1.4.16/wicket-1.4.16.jar:/Users/pule/.m2/repository/org/jvnet/jaxb2/maven2/maven-jaxb2-plugin/0.7.5/maven-jaxb2-plugin-0.7.5.jar:/Users/pule/.m2/repository/org/jvnet/jaxb2/maven2/maven-jaxb2-plugin-core/0.7.5/maven-jaxb2-plugin-core-0.7.5.jar:/Users/pule/.m2/repository/com/sun/org/apache/xml/internal/resolver/20050927/resolver-20050927.jar:/Users/pule/.m2/repository/org/apache/maven/maven-plugin-api/2.2.1/maven-plugin-api-2.2.1.jar:/Users/pule/.m2/repository/org/apache/maven/maven-project/2.2.1/maven-project-2.2.1.jar:/Users/pule/.m2/repository/org/apache/maven/maven-settings/2.2.1/maven-settings-2.2.1.jar:/Users/pule/.m2/repository/org/apache/maven/maven-profile/2.2.1/maven-profile-2.2.1.jar:/Users/pule/.m2/repository/org/apache/maven/maven-model/2.2.1/maven-model-2.2.1.jar:/Users/pule/.m2/repository/org/apache/maven/maven-artifact-manager/2.2.1/maven-artifact-manager-2.2.1.jar:/Users/pule/.m2/repository/org/apache/maven/maven-repository-metadata/2.2.1/maven-repository-metadata-2.2.1.jar:/Users/pule/.m2/repository/org/apache/maven/wagon/wagon-provider-api/1.0-beta-6/wagon-provider-api-1.0-beta-6.jar:/Users/pule/.m2/repository/backport-util-concurrent/backport-util-concurrent/3.1/backport-util-concurrent-3.1.jar:/Users/pule/.m2/repository/org/apache/maven/maven-plugin-registry/2.2.1/maven-plugin-registry-2.2.1.jar:/Users/pule/.m2/repository/org/codehaus/plexus/plexus-interpolation/1.11/plexus-interpolation-1.11.jar:/Users/pule/.m2/repository/org/codehaus/plexus/plexus-utils/1.5.15/plexus-utils-1.5.15.jar:/Users/pule/.m2/repository/org/apache/maven/maven-artifact/2.2.1/maven-artifact-2.2.1.jar:/Users/pule/.m2/repository/org/codehaus/plexus/plexus-container-default/1.0-alpha-9-stable-1/plexus-container-default-1.0-alpha-9-stable-1.jar:/Users/pule/.m2/repository/classworlds/classworlds/1.1-alpha-2/classworlds-1.1-alpha-2.jar:/Users/pule/.m2/repository/org/jfrog/maven/annomojo/maven-plugin-anno/1.3.1/maven-plugin-anno-1.3.1.jar:/Users/pule/.m2/repository/org/jvnet/jaxb2/maven2/maven-jaxb22-plugin/0.7.5/maven-jaxb22-plugin-0.7.5.jar:/Users/pule/.m2/repository/com/sun/xml/bind/jaxb-impl/2.2.2/jaxb-impl-2.2.2.jar:/Users/pule/.m2/repository/javax/xml/bind/jaxb-api/2.2.2/jaxb-api-2.2.2.jar:/Users/pule/.m2/repository/javax/xml/stream/stax-api/1.0-2/stax-api-1.0-2.jar:/Users/pule/.m2/repository/javax/activation/activation/1.1/activation-1.1.jar:/Users/pule/.m2/repository/com/sun/xml/bind/jaxb-xjc/2.2.2/jaxb-xjc-2.2.2.jar:/Users/pule/.m2/repository/org/hsqldb/hsqldb-j5/2.0.0/hsqldb-j5-2.0.0.jar:/Users/pule/.m2/repository/org/springframework/spring-aspects/3.0.5.RELEASE/spring-aspects-3.0.5.RELEASE.jar:/Users/pule/.m2/repository/org/springframework/spring-beans/3.0.5.RELEASE/spring-beans-3.0.5.RELEASE.jar:/Users/pule/.m2/repository/org/springframework/spring-context/3.0.5.RELEASE/spring-context-3.0.5.RELEASE.jar:/Users/pule/.m2/repository/org/springframework/spring-aop/3.0.5.RELEASE/spring-aop-3.0.5.RELEASE.jar:/Users/pule/.m2/repository/org/springframework/spring-context-support/3.0.5.RELEASE/spring-context-support-3.0.5.RELEASE.jar:/Users/pule/.m2/repository/org/aspectj/aspectjrt/1.6.10/aspectjrt-1.6.10.jar:/Users/pule/.m2/repository/org/slf4j/slf4j-api/1.6.1/slf4j-api-1.6.1.jar:/Users/pule/.m2/repository/org/slf4j/slf4j-log4j12/1.6.1/slf4j-log4j12-1.6.1.jar:/Users/pule/.m2/repository/log4j/log4j/1.2.16/log4j-1.2.16.jar:/Users/pule/.m2/repository/c3p0/c3p0/0.9.1/c3p0-0.9.1.jar:/Users/pule/.m2/repository/junit/junit/4.8.2/junit-4.8.2.jar:/Users/pule/.m2/repository/javax/servlet/servlet-api/2.5/servlet-api-2.5.jar:/Users/pule/.m2/repository/org/dbunit/dbunit/2.4.2/dbunit-2.4.2.jar:/Users/pule/.m2/repository/commons-collections/commons-collections/3.2.1/commons-collections-3.2.1.jar:/Users/pule/.m2/repository/org/codehaus/jackson/jackson-core-asl/1.7.2/jackson-core-asl-1.7.2.jar:/Users/pule/.m2/repository/org/codehaus/jackson/jackson-mapper-asl/1.7.2/jackson-mapper-asl-1.7.2.jar:/Users/pule/.m2/repository/org/springframework/spring-webmvc/3.0.5.RELEASE/spring-webmvc-3.0.5.RELEASE.jar:/Users/pule/.m2/repository/org/springframework/spring-asm/3.0.5.RELEASE/spring-asm-3.0.5.RELEASE.jar:/Users/pule/.m2/repository/org/springframework/spring-expression/3.0.5.RELEASE/spring-expression-3.0.5.RELEASE.jar:/Users/pule/.m2/repository/org/springframework/spring-orm/3.0.5.RELEASE/spring-orm-3.0.5.RELEASE.jar:/Users/pule/.m2/repository/org/springframework/spring-jdbc/3.0.5.RELEASE/spring-jdbc-3.0.5.RELEASE.jar:/Users/pule/.m2/repository/org/springframework/spring-tx/3.0.5.RELEASE/spring-tx-3.0.5.RELEASE.jar:/Users/pule/.m2/repository/org/springframework/spring-core/3.0.5.RELEASE/spring-core-3.0.5.RELEASE.jar:/Users/pule/.m2/repository/commons-logging/commons-logging/1.1.1/commons-logging-1.1.1.jar:/Users/pule/.m2/repository/org/springframework/spring-web/3.0.5.RELEASE/spring-web-3.0.5.RELEASE.jar:/Users/pule/.m2/repository/aopalliance/aopalliance/1.0/aopalliance-1.0.jar:/Users/pule/.m2/repository/org/springframework/spring-test/3.0.5.RELEASE/spring-test-3.0.5.RELEASE.jar:/Users/pule/.m2/repository/org/springframework/spring-oxm/3.0.5.RELEASE/spring-oxm-3.0.5.RELEASE.jar:/Users/pule/.m2/repository/org/springframework/ws/spring-xml/2.0.0.RELEASE/spring-xml-2.0.0.RELEASE.jar:/Users/pule/.m2/repository/org/hibernate/hibernate-annotations/3.5.4-Final/hibernate-annotations-3.5.4-Final.jar:/Users/pule/.m2/repository/org/hibernate/hibernate-commons-annotations/3.2.0.Final/hibernate-commons-annotations-3.2.0.Final.jar:/Users/pule/.m2/repository/org/hibernate/javax/persistence/hibernate-jpa-2.0-api/1.0.0.Final/hibernate-jpa-2.0-api-1.0.0.Final.jar:/Users/pule/.m2/repository/org/hibernate/hibernate-core/3.5.4-Final/hibernate-core-3.5.4-Final.jar:/Users/pule/.m2/repository/antlr/antlr/2.7.6/antlr-2.7.6.jar:/Users/pule/.m2/repository/dom4j/dom4j/1.6.1/dom4j-1.6.1.jar:/Users/pule/.m2/repository/xml-apis/xml-apis/1.0.b2/xml-apis-1.0.b2.jar:/Users/pule/.m2/repository/javax/transaction/jta/1.1/jta-1.1.jar:/Users/pule/.m2/repository/org/hibernate/hibernate-entitymanager/3.5.4-Final/hibernate-entitymanager-3.5.4-Final.jar:/Users/pule/.m2/repository/cglib/cglib/2.2/cglib-2.2.jar:/Users/pule/.m2/repository/asm/asm/3.1/asm-3.1.jar:/Users/pule/.m2/repository/javassist/javassist/3.9.0.GA/javassist-3.9.0.GA.jar:"/>
    <property name="java.specification.name" value="Java Platform API Specification"/>
    <property name="java.class.version" value="50.0"/>
    <property name="sun.management.compiler" value="HotSpot 64-Bit Tiered Compilers"/>
    <property name="os.version" value="10.7.4"/>
    <property name="http.nonProxyHosts" value="local|*.local|169.254/16|*.169.254/16"/>
    <property name="user.home" value="/Users/pule"/>
    <property name="user.timezone" value="America/New_York"/>
    <property name="java.awt.printerjob" value="apple.awt.CPrinterJob"/>
    <property name="java.specification.version" value="1.6"/>
    <property name="file.encoding" value="MacRoman"/>
    <property name="user.name" value="pule"/>
    <property name="java.class.path" value="/Users/pule/swdev/workspace/events/java/xproof/target/test-classes:/Users/pule/swdev/workspace/events/java/xproof/target/classes:/Users/pule/.m2/repository/org/apache/wicket/wicket/1.4.16/wicket-1.4.16.jar:/Users/pule/.m2/repository/org/jvnet/jaxb2/maven2/maven-jaxb2-plugin/0.7.5/maven-jaxb2-plugin-0.7.5.jar:/Users/pule/.m2/repository/org/jvnet/jaxb2/maven2/maven-jaxb2-plugin-core/0.7.5/maven-jaxb2-plugin-core-0.7.5.jar:/Users/pule/.m2/repository/com/sun/org/apache/xml/internal/resolver/20050927/resolver-20050927.jar:/Users/pule/.m2/repository/org/apache/maven/maven-plugin-api/2.2.1/maven-plugin-api-2.2.1.jar:/Users/pule/.m2/repository/org/apache/maven/maven-project/2.2.1/maven-project-2.2.1.jar:/Users/pule/.m2/repository/org/apache/maven/maven-settings/2.2.1/maven-settings-2.2.1.jar:/Users/pule/.m2/repository/org/apache/maven/maven-profile/2.2.1/maven-profile-2.2.1.jar:/Users/pule/.m2/repository/org/apache/maven/maven-model/2.2.1/maven-model-2.2.1.jar:/Users/pule/.m2/repository/org/apache/maven/maven-artifact-manager/2.2.1/maven-artifact-manager-2.2.1.jar:/Users/pule/.m2/repository/org/apache/maven/maven-repository-metadata/2.2.1/maven-repository-metadata-2.2.1.jar:/Users/pule/.m2/repository/org/apache/maven/wagon/wagon-provider-api/1.0-beta-6/wagon-provider-api-1.0-beta-6.jar:/Users/pule/.m2/repository/backport-util-concurrent/backport-util-concurrent/3.1/backport-util-concurrent-3.1.jar:/Users/pule/.m2/repository/org/apache/maven/maven-plugin-registry/2.2.1/maven-plugin-registry-2.2.1.jar:/Users/pule/.m2/repository/org/codehaus/plexus/plexus-interpolation/1.11/plexus-interpolation-1.11.jar:/Users/pule/.m2/repository/org/codehaus/plexus/plexus-utils/1.5.15/plexus-utils-1.5.15.jar:/Users/pule/.m2/repository/org/apache/maven/maven-artifact/2.2.1/maven-artifact-2.2.1.jar:/Users/pule/.m2/repository/org/codehaus/plexus/plexus-container-default/1.0-alpha-9-stable-1/plexus-container-default-1.0-alpha-9-stable-1.jar:/Users/pule/.m2/repository/classworlds/classworlds/1.1-alpha-2/classworlds-1.1-alpha-2.jar:/Users/pule/.m2/repository/org/jfrog/maven/annomojo/maven-plugin-anno/1.3.1/maven-plugin-anno-1.3.1.jar:/Users/pule/.m2/repository/org/jvnet/jaxb2/maven2/maven-jaxb22-plugin/0.7.5/maven-jaxb22-plugin-0.7.5.jar:/Users/pule/.m2/repository/com/sun/xml/bind/jaxb-impl/2.2.2/jaxb-impl-2.2.2.jar:/Users/pule/.m2/repository/javax/xml/bind/jaxb-api/2.2.2/jaxb-api-2.2.2.jar:/Users/pule/.m2/repository/javax/xml/stream/stax-api/1.0-2/stax-api-1.0-2.jar:/Users/pule/.m2/repository/javax/activation/activation/1.1/activation-1.1.jar:/Users/pule/.m2/repository/com/sun/xml/bind/jaxb-xjc/2.2.2/jaxb-xjc-2.2.2.jar:/Users/pule/.m2/repository/org/hsqldb/hsqldb-j5/2.0.0/hsqldb-j5-2.0.0.jar:/Users/pule/.m2/repository/org/springframework/spring-aspects/3.0.5.RELEASE/spring-aspects-3.0.5.RELEASE.jar:/Users/pule/.m2/repository/org/springframework/spring-beans/3.0.5.RELEASE/spring-beans-3.0.5.RELEASE.jar:/Users/pule/.m2/repository/org/springframework/spring-context/3.0.5.RELEASE/spring-context-3.0.5.RELEASE.jar:/Users/pule/.m2/repository/org/springframework/spring-aop/3.0.5.RELEASE/spring-aop-3.0.5.RELEASE.jar:/Users/pule/.m2/repository/org/springframework/spring-context-support/3.0.5.RELEASE/spring-context-support-3.0.5.RELEASE.jar:/Users/pule/.m2/repository/org/aspectj/aspectjrt/1.6.10/aspectjrt-1.6.10.jar:/Users/pule/.m2/repository/org/slf4j/slf4j-api/1.6.1/slf4j-api-1.6.1.jar:/Users/pule/.m2/repository/org/slf4j/slf4j-log4j12/1.6.1/slf4j-log4j12-1.6.1.jar:/Users/pule/.m2/repository/log4j/log4j/1.2.16/log4j-1.2.16.jar:/Users/pule/.m2/repository/c3p0/c3p0/0.9.1/c3p0-0.9.1.jar:/Users/pule/.m2/repository/junit/junit/4.8.2/junit-4.8.2.jar:/Users/pule/.m2/repository/javax/servlet/servlet-api/2.5/servlet-api-2.5.jar:/Users/pule/.m2/repository/org/dbunit/dbunit/2.4.2/dbunit-2.4.2.jar:/Users/pule/.m2/repository/commons-collections/commons-collections/3.2.1/commons-collections-3.2.1.jar:/Users/pule/.m2/repository/org/codehaus/jackson/jackson-core-asl/1.7.2/jackson-core-asl-1.7.2.jar:/Users/pule/.m2/repository/org/codehaus/jackson/jackson-mapper-asl/1.7.2/jackson-mapper-asl-1.7.2.jar:/Users/pule/.m2/repository/org/springframework/spring-webmvc/3.0.5.RELEASE/spring-webmvc-3.0.5.RELEASE.jar:/Users/pule/.m2/repository/org/springframework/spring-asm/3.0.5.RELEASE/spring-asm-3.0.5.RELEASE.jar:/Users/pule/.m2/repository/org/springframework/spring-expression/3.0.5.RELEASE/spring-expression-3.0.5.RELEASE.jar:/Users/pule/.m2/repository/org/springframework/spring-orm/3.0.5.RELEASE/spring-orm-3.0.5.RELEASE.jar:/Users/pule/.m2/repository/org/springframework/spring-jdbc/3.0.5.RELEASE/spring-jdbc-3.0.5.RELEASE.jar:/Users/pule/.m2/repository/org/springframework/spring-tx/3.0.5.RELEASE/spring-tx-3.0.5.RELEASE.jar:/Users/pule/.m2/repository/org/springframework/spring-core/3.0.5.RELEASE/spring-core-3.0.5.RELEASE.jar:/Users/pule/.m2/repository/commons-logging/commons-logging/1.1.1/commons-logging-1.1.1.jar:/Users/pule/.m2/repository/org/springframework/spring-web/3.0.5.RELEASE/spring-web-3.0.5.RELEASE.jar:/Users/pule/.m2/repository/aopalliance/aopalliance/1.0/aopalliance-1.0.jar:/Users/pule/.m2/repository/org/springframework/spring-test/3.0.5.RELEASE/spring-test-3.0.5.RELEASE.jar:/Users/pule/.m2/repository/org/springframework/spring-oxm/3.0.5.RELEASE/spring-oxm-3.0.5.RELEASE.jar:/Users/pule/.m2/repository/org/springframework/ws/spring-xml/2.0.0.RELEASE/spring-xml-2.0.0.RELEASE.jar:/Users/pule/.m2/repository/org/hibernate/hibernate-annotations/3.5.4-Final/hibernate-annotations-3.5.4-Final.jar:/Users/pule/.m2/repository/org/hibernate/hibernate-commons-annotations/3.2.0.Final/hibernate-commons-annotations-3.2.0.Final.jar:/Users/pule/.m2/repository/org/hibernate/javax/persistence/hibernate-jpa-2.0-api/1.0.0.Final/hibernate-jpa-2.0-api-1.0.0.Final.jar:/Users/pule/.m2/repository/org/hibernate/hibernate-core/3.5.4-Final/hibernate-core-3.5.4-Final.jar:/Users/pule/.m2/repository/antlr/antlr/2.7.6/antlr-2.7.6.jar:/Users/pule/.m2/repository/dom4j/dom4j/1.6.1/dom4j-1.6.1.jar:/Users/pule/.m2/repository/xml-apis/xml-apis/1.0.b2/xml-apis-1.0.b2.jar:/Users/pule/.m2/repository/javax/transaction/jta/1.1/jta-1.1.jar:/Users/pule/.m2/repository/org/hibernate/hibernate-entitymanager/3.5.4-Final/hibernate-entitymanager-3.5.4-Final.jar:/Users/pule/.m2/repository/cglib/cglib/2.2/cglib-2.2.jar:/Users/pule/.m2/repository/asm/asm/3.1/asm-3.1.jar:/Users/pule/.m2/repository/javassist/javassist/3.9.0.GA/javassist-3.9.0.GA.jar:"/>
    <property name="java.vm.specification.version" value="1.0"/>
    <property name="sun.arch.data.model" value="64"/>
    <property name="java.home" value="/System/Library/Java/JavaVirtualMachines/1.6.0.jdk/Contents/Home"/>
    <property name="sun.java.command" value="/Users/pule/swdev/workspace/events/java/xproof/target/surefire/surefirebooter7369758049209754917.jar /Users/pule/swdev/workspace/events/java/xproof/target/surefire/surefire6634827875568559687tmp /Users/pule/swdev/workspace/events/java/xproof/target/surefire/surefire5196564923268607869tmp"/>
    <property name="java.specification.vendor" value="Sun Microsystems Inc."/>
    <property name="user.language" value="en"/>
    <property name="awt.toolkit" value="apple.awt.CToolkit"/>
    <property name="java.vm.info" value="mixed mode"/>
    <property name="java.version" value="1.6.0_31"/>
    <property name="java.ext.dirs" value="/Library/Java/Extensions:/System/Library/Java/Extensions:/System/Library/Java/JavaVirtualMachines/1.6.0.jdk/Contents/Home/lib/ext"/>
    <property name="sun.boot.class.path" value="/System/Library/Java/JavaVirtualMachines/1.6.0.jdk/Contents/Classes/jsfd.jar:/System/Library/Java/JavaVirtualMachines/1.6.0.jdk/Contents/Classes/classes.jar:/System/Library/Frameworks/JavaVM.framework/Frameworks/JavaRuntimeSupport.framework/Resources/Java/JavaRuntimeSupport.jar:/System/Library/Java/JavaVirtualMachines/1.6.0.jdk/Contents/Classes/ui.jar:/System/Library/Java/JavaVirtualMachines/1.6.0.jdk/Contents/Classes/laf.jar:/System/Library/Java/JavaVirtualMachines/1.6.0.jdk/Contents/Classes/sunrsasign.jar:/System/Library/Java/JavaVirtualMachines/1.6.0.jdk/Contents/Classes/jsse.jar:/System/Library/Java/JavaVirtualMachines/1.6.0.jdk/Contents/Classes/jce.jar:/System/Library/Java/JavaVirtualMachines/1.6.0.jdk/Contents/Classes/charsets.jar"/>
    <property name="java.vendor" value="Apple Inc."/>
    <property name="localRepository" value="/Users/pule/.m2/repository"/>
    <property name="file.separator" value="/"/>
    <property name="java.vendor.url.bug" value="http://bugreport.apple.com/"/>
    <property name="sun.cpu.endian" value="little"/>
    <property name="sun.io.unicode.encoding" value="UnicodeLittle"/>
    <property name="mrj.version" value="1070.1.6.0_31-415"/>
    <property name="socksNonProxyHosts" value="local|*.local|169.254/16|*.169.254/16"/>
    <property name="ftp.nonProxyHosts" value="local|*.local|169.254/16|*.169.254/16"/>
    <property name="sun.cpu.isalist" value=""/>
  </properties>
  <testcase time="3.144" classname="com.xproof.rest.skull.SkullControllerTest" name="findFirstSkull"/>
  <testcase time="0.017" classname="com.xproof.rest.skull.SkullControllerTest" name="aspect"/>
</testsuite>